2024.04.06 16:53:33 INFO  Started: Metals version 1.2.2+90-8e975366-SNAPSHOT in folders '/Users/victoriamac/Desktop/Univalle/Cuarto Semestre/NGDaycare/newgdaycare' for client Visual Studio Code 1.87.2.
2024.04.06 16:53:33 INFO  time: initialize in 0.17s
SLF4J: Class path contains multiple SLF4J providers.
SLF4J: Found provider [scribe.slf4j.ScribeServiceProvider@5e3e8eab]
SLF4J: Found provider [ch.qos.logback.classic.spi.LogbackServiceProvider@43390013]
SLF4J: See https://www.slf4j.org/codes.html#multiple_bindings for an explanation.
SLF4J: Actual provider is of type [scribe.slf4j.ScribeServiceProvider@5e3e8eab]
2024.04.06 16:53:37 WARN  Flyway upgrade recommended: H2 2.2.224 is newer than this version of Flyway and support has not been tested. The latest supported version of H2 is 2.2.220.
2024.04.06 16:53:38 WARN  no build tool detected in workspace '/Users/victoriamac/Desktop/Univalle/Cuarto Semestre/NGDaycare/newgdaycare'. The most common cause for this problem is that the editor was opened in the wrong working directory, for example if you use sbt then the workspace directory should contain build.sbt. 
2024.04.06 16:53:38 WARN  Build server is not auto-connectable.
2024.04.06 16:54:31 ERROR SLF4J: Failed to load class "org.slf4j.impl.StaticLoggerBinder".
2024.04.06 16:54:31 ERROR SLF4J: Defaulting to no-operation (NOP) logger implementation
2024.04.06 16:54:31 ERROR SLF4J: See http://www.slf4j.org/codes.html#StaticLoggerBinder for further details.
2024.04.06 16:54:34 INFO  
2024.04.06 16:54:34 INFO  Template applied in /Users/victoriamac/Desktop/Univalle/Cuarto Semestre/Programacion funcional y concurrente/./taller3
2024.04.06 16:54:34 INFO  
2024.04.06 16:54:34 INFO  time: ran 'giter8.Giter8' in 5.12s
2024.04.06 17:25:15 INFO  Shutting down server
2024.04.06 17:25:15 INFO  shutting down Metals
2024.04.06 17:25:15 INFO  Exiting server
